<?xml version="1.0" encoding="UTF-8"?>
<!-- Generated by org.testng.reporters.JUnitReportReporter -->
<testsuite skipped="0" hostname="admin-PC" name="com.qa.tests.WebTableTest" tests="1" failures="0" timestamp="03 Sep 2018 12:55:40 GMT" time="0.243" errors="0">
  <testcase name="deleteRowTest" time="0.243" classname="com.qa.tests.WebTableTest"/>
</testsuite> <!-- com.qa.tests.WebTableTest -->
