<?xml version="1.0" encoding="UTF-8"?>
<!-- Generated by org.testng.reporters.JUnitReportReporter -->
<testsuite skipped="0" hostname="admin-PC" name="com.qa.tests.WebDriverBasicsTest" tests="1" failures="0" timestamp="06 Sep 2018 05:45:48 GMT" time="0.258" errors="0">
  <testcase name="checkboxTest" time="0.258" classname="com.qa.tests.WebDriverBasicsTest"/>
</testsuite> <!-- com.qa.tests.WebDriverBasicsTest -->
