<?xml version="1.0" encoding="UTF-8"?>
<!-- Generated by org.testng.reporters.JUnitReportReporter -->
<testsuite skipped="0" hostname="admin-PC" name="com.qa.tests.DDTTest" tests="2" failures="0" timestamp="08 Sep 2018 12:12:32 GMT" time="30.704" errors="0">
  <testcase name="regPageTest" time="12.479" classname="com.qa.tests.DDTTest"/>
  <testcase name="regPageTest" time="18.225" classname="com.qa.tests.DDTTest"/>
</testsuite> <!-- com.qa.tests.DDTTest -->
