<?xml version="1.0" encoding="UTF-8"?>
<!-- Generated by org.testng.reporters.JUnitReportReporter -->
<testsuite skipped="0" hostname="admin-PC" name="com.qa.tests.AmazonSearchTest" tests="1" failures="0" timestamp="01 Sep 2018 11:24:47 GMT" time="0.067" errors="0">
  <testcase name="dropdownTest" time="0.067" classname="com.qa.tests.AmazonSearchTest"/>
</testsuite> <!-- com.qa.tests.AmazonSearchTest -->
