<?xml version="1.0" encoding="UTF-8"?>
<!-- Generated by org.testng.reporters.JUnitReportReporter -->
<testsuite skipped="0" hostname="admin-PC" name="com.qa.tests.LoginTest" tests="1" failures="0" timestamp="01 Sep 2018 11:08:38 GMT" time="0.026" errors="0">
  <testcase name="f" time="0.026" classname="com.qa.tests.LoginTest"/>
</testsuite> <!-- com.qa.tests.LoginTest -->
