<?xml version="1.0" encoding="UTF-8"?>
<!-- Generated by org.testng.reporters.JUnitReportReporter -->
<testsuite skipped="0" hostname="admin-PC" name="com.qa.tests.DDTTest" tests="2" failures="0" timestamp="09 Sep 2018 07:16:39 GMT" time="32.692" errors="0">
  <testcase name="regPageTest" time="17.124" classname="com.qa.tests.DDTTest"/>
  <testcase name="regPageTest" time="15.568" classname="com.qa.tests.DDTTest"/>
</testsuite> <!-- com.qa.tests.DDTTest -->
