<?xml version="1.0" encoding="UTF-8"?>
<!-- Generated by org.testng.reporters.JUnitReportReporter -->
<testsuite skipped="0" hostname="admin-PC" name="com.qa.tests.WebDriverBasicsTest" tests="3" failures="0" timestamp="03 Sep 2018 12:55:40 GMT" time="2.148" errors="0">
  <testcase name="selectFromMultipleDropdown" time="1.518" classname="com.qa.tests.WebDriverBasicsTest"/>
  <testcase name="selectFromDropdown" time="0.329" classname="com.qa.tests.WebDriverBasicsTest"/>
  <testcase name="checkboxTest" time="0.301" classname="com.qa.tests.WebDriverBasicsTest"/>
</testsuite> <!-- com.qa.tests.WebDriverBasicsTest -->
