<?xml version="1.0" encoding="UTF-8"?>
<!-- Generated by org.testng.reporters.JUnitReportReporter -->
<testsuite skipped="0" hostname="admin-PC" name="com.qa.tests.GroupsTest" tests="1" failures="0" timestamp="04 Sep 2018 08:03:59 GMT" time="0.109" errors="0">
  <testcase name="f2" time="0.109" classname="com.qa.tests.GroupsTest"/>
</testsuite> <!-- com.qa.tests.GroupsTest -->
