<?xml version="1.0" encoding="UTF-8"?>
<!-- Generated by org.testng.reporters.JUnitReportReporter -->
<testsuite skipped="0" hostname="admin-PC" name="com.qa.tests.ColorPickerTest" tests="1" failures="0" timestamp="09 Sep 2018 06:45:35 GMT" time="0.025" errors="0">
  <testcase name="f" time="0.025" classname="com.qa.tests.ColorPickerTest"/>
</testsuite> <!-- com.qa.tests.ColorPickerTest -->
