<?xml version="1.0" encoding="UTF-8"?>
<!-- Generated by org.testng.reporters.JUnitReportReporter -->
<testsuite skipped="0" hostname="admin-PC" name="com.qa.tests.MakeMyTrip" tests="1" failures="0" timestamp="06 Sep 2018 11:12:21 GMT" time="16.149" errors="0">
  <testcase name="bookFlight" time="16.149" classname="com.qa.tests.MakeMyTrip"/>
</testsuite> <!-- com.qa.tests.MakeMyTrip -->
