<?xml version="1.0" encoding="UTF-8"?>
<!-- Generated by org.testng.reporters.JUnitReportReporter -->
<testsuite skipped="0" hostname="admin-PC" name="com.qa.tests.DDTTest" tests="1" failures="0" timestamp="02 Sep 2018 08:28:01 GMT" time="9.659" errors="0">
  <testcase name="beforeTest" time="9.659" classname="com.qa.tests.DDTTest"/>
</testsuite> <!-- com.qa.tests.DDTTest -->
