<?xml version="1.0" encoding="UTF-8"?>
<!-- Generated by org.testng.reporters.JUnitReportReporter -->
<testsuite skipped="0" hostname="admin-PC" name="com.qa.tests.NewTest" tests="1" failures="0" timestamp="08 Sep 2018 07:52:53 GMT" time="0.017" errors="0">
  <testcase name="f" time="0.017" classname="com.qa.tests.NewTest"/>
</testsuite> <!-- com.qa.tests.NewTest -->
