<?xml version="1.0" encoding="UTF-8"?>
<!-- Generated by org.testng.reporters.JUnitReportReporter -->
<testsuite skipped="0" hostname="admin-PC" name="com.qa.tests.DependencyTest" tests="3" failures="0" timestamp="04 Sep 2018 08:20:35 GMT" time="0.044" errors="0">
  <testcase name="LogOut" time="0.010" classname="com.qa.tests.DependencyTest"/>
  <testcase name="OpenBrowser" time="0.030" classname="com.qa.tests.DependencyTest"/>
  <testcase name="SignIn" time="0.004" classname="com.qa.tests.DependencyTest"/>
</testsuite> <!-- com.qa.tests.DependencyTest -->
